[debug] [2017-10-14T14:57:08.494Z] ----------------------------------------------------------------------
[debug] [2017-10-14T14:57:08.499Z] Command:       /usr/local/bin/node /usr/local/bin/firebase login:ci --no-localhost
[debug] [2017-10-14T14:57:08.500Z] CLI Version:   3.13.1
[debug] [2017-10-14T14:57:08.500Z] Platform:      linux
[debug] [2017-10-14T14:57:08.500Z] Node Version:  v6.11.4
[debug] [2017-10-14T14:57:08.500Z] Time:          Sat Oct 14 2017 14:57:08 GMT+0000 (UTC)
[debug] [2017-10-14T14:57:08.500Z] ----------------------------------------------------------------------
[debug] 
[info] 
[info] Visit this URL on any device to log in:
[info] https://accounts.google.com/o/oauth2/auth?client_id=563584335869-fgrhgmd47bqnekij5i8b5pr03ho849e6.apps.googleusercontent.com&scope=email%20openid%20https%3A%2F%2Fwww.googleapis.com%2Fauth%2Fcloudplatformprojects.readonly%20https%3A%2F%2Fwww.googleapis.com%2Fauth%2Ffirebase%20https%3A%2F%2Fwww.googleapis.com%2Fauth%2Fcloud-platform&response_type=code&state=943760639&redirect_uri=urn%3Aietf%3Awg%3Aoauth%3A2.0%3Aoob
[info] 
[debug] [2017-10-14T14:57:31.977Z] >>> HTTP REQUEST POST https://accounts.google.com/o/oauth2/token { code: '4/OXR5IoihYH0WJbe66JnYm0O8y_bkHgFqxYNZiS_tRsg',
  client_id: '563584335869-fgrhgmd47bqnekij5i8b5pr03ho849e6.apps.googleusercontent.com',
  client_secret: 'j9iVZfS8kkCEFUPaAeJV0sAi',
  redirect_uri: 'urn:ietf:wg:oauth:2.0:oob',
  grant_type: 'authorization_code' } 
 Sat Oct 14 2017 14:57:31 GMT+0000 (UTC)
[debug] [2017-10-14T14:57:32.244Z] <<< HTTP RESPONSE 200
[info] 
[info] ✔  Success! Use this token to login on a CI server:

1/wIBeoJfFNom6U5IRdHWfRnLjh6KdeApV0-Q4J7Zi-vk

Example: firebase deploy --token "$FIREBASE_TOKEN"

[debug] [2017-10-14T14:57:32.269Z] Error: ETXTBSY: text file is busy, unlink '/home/app/cv/firebase-debug.log'
    at Error (native)
    at Object.fs.unlinkSync (fs.js:1104:18)
    at process.<anonymous> (/usr/local/lib/node_modules/firebase-tools/bin/firebase:64:8)
    at emitOne (events.js:101:20)
    at process.emit (events.js:188:7)
